<?xml version="1.0" encoding="UTF-8"?>
<coverage generated="1745930962810" clover="3.2.0">
  <project timestamp="1745930962811" name="All files">
    <metrics statements="9" coveredstatements="3" conditionals="2" coveredconditionals="0" methods="5" coveredmethods="1" elements="16" coveredelements="4" complexity="0" loc="9" ncloc="9" packages="1" files="1" classes="1"/>
    <file name="math.js" path="/Users/sebalea/Desktop/unige/strumenti,sviluppo e gestione del SW/ssgs-projects/ssgs-calc/math.js">
      <metrics statements="9" coveredstatements="3" conditionals="2" coveredconditionals="0" methods="5" coveredmethods="1"/>
      <line num="2" count="0" type="stmt"/>
      <line num="6" count="3" type="stmt"/>
      <line num="10" count="0" type="stmt"/>
      <line num="14" count="0" type="cond" truecount="0" falsecount="2"/>
      <line num="15" count="0" type="stmt"/>
      <line num="17" count="0" type="stmt"/>
      <line num="21" count="0" type="stmt"/>
      <line num="24" count="1" type="stmt"/>
      <line num="32" count="1" type="stmt"/>
    </file>
  </project>
</coverage>
